This is XeTeX, Version 3.14159265-2.6-0.999992 (TeX Live 2020) (preloaded format=xelatex 2021.3.2)  2 APR 2021 16:46
entering extended mode
 \write18 enabled.
 file:line:error style messages enabled.
 %&-line parsing enabled.
**/Users/tongyuan/Documents/Study/S6_Spring_2021/Digital_Imagine_Processing/EE326_Digital_Image_Processing_LAB/Lab5_Frequency_Domain_Filtering/frquency_domain_filtering_11810818/style/userpackage.tex
(/Users/tongyuan/Documents/Study/S6_Spring_2021/Digital_Imagine_Processing/EE326_Digital_Image_Processing_LAB/Lab5_Frequency_Domain_Filtering/frquency_domain_filtering_11810818/style/userpackage.tex
LaTeX2e <2020-10-01> patch level 4
L3 programming layer <2021-02-18>

/Users/tongyuan/Documents/Study/S6_Spring_2021/Digital_Imagine_Processing/EE326_Digital_Image_Processing_LAB/Lab5_Frequency_Domain_Filtering/frquency_domain_filtering_11810818/style/userpackage.tex:3: LaTeX Error: \usepackage before \documentclass.

See the LaTeX manual or LaTeX Companion for explanation.
Type  H <return>  for immediate help.
 ...                                              
                                                  
l.3 \usepackage[utf8]{
                      inputenc} % Required for inputting international chara...
\usepackage may only appear in the document preamble, i.e.,
between \documentclass and \begin{document}.


/Users/tongyuan/Documents/Study/S6_Spring_2021/Digital_Imagine_Processing/EE326_Digital_Image_Processing_LAB/Lab5_Frequency_Domain_Filtering/frquency_domain_filtering_11810818/style/userpackage.tex:4: LaTeX Error: \usepackage before \documentclass.

See the LaTeX manual or LaTeX Companion for explanation.
Type  H <return>  for immediate help.
 ...                                              
                                                  
l.4 \usepackage[T1]{
                    fontenc} % Output font encoding for international charac...
\usepackage may only appear in the document preamble, i.e.,
between \documentclass and \begin{document}.


/Users/tongyuan/Documents/Study/S6_Spring_2021/Digital_Imagine_Processing/EE326_Digital_Image_Processing_LAB/Lab5_Frequency_Domain_Filtering/frquency_domain_filtering_11810818/style/userpackage.tex:5: LaTeX Error: \usepackage before \documentclass.

See the LaTeX manual or LaTeX Companion for explanation.
Type  H <return>  for immediate help.
 ...                                              
                                                  
l.5 \usepackage{
                mathpazo} % Use the Palatino font
\usepackage may only appear in the document preamble, i.e.,
between \documentclass and \begin{document}.


/Users/tongyuan/Documents/Study/S6_Spring_2021/Digital_Imagine_Processing/EE326_Digital_Image_Processing_LAB/Lab5_Frequency_Domain_Filtering/frquency_domain_filtering_11810818/style/userpackage.tex:6: LaTeX Error: \usepackage before \documentclass.

See the LaTeX manual or LaTeX Companion for explanation.
Type  H <return>  for immediate help.
 ...                                              
                                                  
l.6 \usepackage{
                amssymb}
\usepackage may only appear in the document preamble, i.e.,
between \documentclass and \begin{document}.


/Users/tongyuan/Documents/Study/S6_Spring_2021/Digital_Imagine_Processing/EE326_Digital_Image_Processing_LAB/Lab5_Frequency_Domain_Filtering/frquency_domain_filtering_11810818/style/userpackage.tex:7: LaTeX Error: \usepackage before \documentclass.

See the LaTeX manual or LaTeX Companion for explanation.
Type  H <return>  for immediate help.
 ...                                              
                                                  
l.7 \usepackage{
                graphicx} % Required for including images
\usepackage may only appear in the document preamble, i.e.,
between \documentclass and \begin{document}.


/Users/tongyuan/Documents/Study/S6_Spring_2021/Digital_Imagine_Processing/EE326_Digital_Image_Processing_LAB/Lab5_Frequency_Domain_Filtering/frquency_domain_filtering_11810818/style/userpackage.tex:8: LaTeX Error: \usepackage before \documentclass.

See the LaTeX manual or LaTeX Companion for explanation.
Type  H <return>  for immediate help.
 ...                                              
                                                  
l.8 \usepackage{
                booktabs} % Required for better horizontal rules in tables
\usepackage may only appear in the document preamble, i.e.,
between \documentclass and \begin{document}.


/Users/tongyuan/Documents/Study/S6_Spring_2021/Digital_Imagine_Processing/EE326_Digital_Image_Processing_LAB/Lab5_Frequency_Domain_Filtering/frquency_domain_filtering_11810818/style/userpackage.tex:9: LaTeX Error: \usepackage before \documentclass.

See the LaTeX manual or LaTeX Companion for explanation.
Type  H <return>  for immediate help.
 ...                                              
                                                  
l.9 \usepackage{
                listings} % Required for insertion of code
\usepackage may only appear in the document preamble, i.e.,
between \documentclass and \begin{document}.


/Users/tongyuan/Documents/Study/S6_Spring_2021/Digital_Imagine_Processing/EE326_Digital_Image_Processing_LAB/Lab5_Frequency_Domain_Filtering/frquency_domain_filtering_11810818/style/userpackage.tex:10: LaTeX Error: \usepackage before \documentclass.

See the LaTeX manual or LaTeX Companion for explanation.
Type  H <return>  for immediate help.
 ...                                              
                                                  
l.10 \usepackage{
                 enumerate} % To modify the enumerate environment
\usepackage may only appear in the document preamble, i.e.,
between \documentclass and \begin{document}.


/Users/tongyuan/Documents/Study/S6_Spring_2021/Digital_Imagine_Processing/EE326_Digital_Image_Processing_LAB/Lab5_Frequency_Domain_Filtering/frquency_domain_filtering_11810818/style/userpackage.tex:11: LaTeX Error: \usepackage before \documentclass.

See the LaTeX manual or LaTeX Companion for explanation.
Type  H <return>  for immediate help.
 ...                                              
                                                  
l.11 \usepackage{
                 epstopdf}
\usepackage may only appear in the document preamble, i.e.,
between \documentclass and \begin{document}.

/Users/tongyuan/Documents/Study/S6_Spring_2021/Digital_Imagine_Processing/EE326_Digital_Image_Processing_LAB/Lab5_Frequency_Domain_Filtering/frquency_domain_filtering_11810818/style/userpackage.tex:12: Undefined control sequence.
l.12 \epstopdfDeclareGraphicsRule
                                 {.tif}{png}{.png}{convert #1 \OutputFile}
The control sequence at the end of the top line
of your error message was never \def'ed. If you have
misspelled it (e.g., `\hobx'), type `I' and the correct
spelling (e.g., `I\hbox'). Otherwise just continue,
and I'll forget about whatever was undefined.


/Users/tongyuan/Documents/Study/S6_Spring_2021/Digital_Imagine_Processing/EE326_Digital_Image_Processing_LAB/Lab5_Frequency_Domain_Filtering/frquency_domain_filtering_11810818/style/userpackage.tex:12: LaTeX Error: Missing \begin{document}.

See the LaTeX manual or LaTeX Companion for explanation.
Type  H <return>  for immediate help.
 ...                                              
                                                  
l.12 \epstopdfDeclareGraphicsRule{.
                                   tif}{png}{.png}{convert #1 \OutputFile}
You're in trouble here.  Try typing  <return>  to proceed.
If that doesn't work, type  X <return>  to quit.

Missing character: There is no . in font nullfont!
Missing character: There is no t in font nullfont!
Missing character: There is no i in font nullfont!
Missing character: There is no f in font nullfont!
Missing character: There is no p in font nullfont!
Missing character: There is no n in font nullfont!
Missing character: There is no g in font nullfont!
Missing character: There is no . in font nullfont!
Missing character: There is no p in font nullfont!
Missing character: There is no n in font nullfont!
Missing character: There is no g in font nullfont!
Missing character: There is no c in font nullfont!
Missing character: There is no o in font nullfont!
Missing character: There is no n in font nullfont!
Missing character: There is no v in font nullfont!
Missing character: There is no e in font nullfont!
Missing character: There is no r in font nullfont!
Missing character: There is no t in font nullfont!
/Users/tongyuan/Documents/Study/S6_Spring_2021/Digital_Imagine_Processing/EE326_Digital_Image_Processing_LAB/Lab5_Frequency_Domain_Filtering/frquency_domain_filtering_11810818/style/userpackage.tex:12: You can't use `macro parameter character #' in horizontal mode.
l.12 ...areGraphicsRule{.tif}{png}{.png}{convert #
                                                  1 \OutputFile}
Sorry, but I'm not programmed to handle this case;
I'll just pretend that you didn't ask for it.
If you're in the wrong mode, you might be able to
return to the right one by typing `I}' or `I$' or `I\par'.

Missing character: There is no 1 in font nullfont!
/Users/tongyuan/Documents/Study/S6_Spring_2021/Digital_Imagine_Processing/EE326_Digital_Image_Processing_LAB/Lab5_Frequency_Domain_Filtering/frquency_domain_filtering_11810818/style/userpackage.tex:12: Undefined control sequence.
l.12 ...le{.tif}{png}{.png}{convert #1 \OutputFile
                                                  }
The control sequence at the end of the top line
of your error message was never \def'ed. If you have
misspelled it (e.g., `\hobx'), type `I' and the correct
spelling (e.g., `I\hbox'). Otherwise just continue,
and I'll forget about whatever was undefined.

/Users/tongyuan/Documents/Study/S6_Spring_2021/Digital_Imagine_Processing/EE326_Digital_Image_Processing_LAB/Lab5_Frequency_Domain_Filtering/frquency_domain_filtering_11810818/style/userpackage.tex:13: Undefined control sequence.
l.13 \AppendGraphicsExtensions
                              {.tif}
The control sequence at the end of the top line
of your error message was never \def'ed. If you have
misspelled it (e.g., `\hobx'), type `I' and the correct
spelling (e.g., `I\hbox'). Otherwise just continue,
and I'll forget about whatever was undefined.

Missing character: There is no . in font nullfont!
Missing character: There is no t in font nullfont!
Missing character: There is no i in font nullfont!
Missing character: There is no f in font nullfont!

/Users/tongyuan/Documents/Study/S6_Spring_2021/Digital_Imagine_Processing/EE326_Digital_Image_Processing_LAB/Lab5_Frequency_Domain_Filtering/frquency_domain_filtering_11810818/style/userpackage.tex:14: LaTeX Error: \usepackage before \documentclass.

See the LaTeX manual or LaTeX Companion for explanation.
Type  H <return>  for immediate help.
 ...                                              
                                                  
l.14 \usepackage[ruled,vlined]{
                               algorithm2e}
\usepackage may only appear in the document preamble, i.e.,
between \documentclass and \begin{document}.


/Users/tongyuan/Documents/Study/S6_Spring_2021/Digital_Imagine_Processing/EE326_Digital_Image_Processing_LAB/Lab5_Frequency_Domain_Filtering/frquency_domain_filtering_11810818/style/userpackage.tex:15: LaTeX Error: \usepackage before \documentclass.

See the LaTeX manual or LaTeX Companion for explanation.
Type  H <return>  for immediate help.
 ...                                              
                                                  
l.15 \usepackage{
                 minted}
\usepackage may only appear in the document preamble, i.e.,
between \documentclass and \begin{document}.


/Users/tongyuan/Documents/Study/S6_Spring_2021/Digital_Imagine_Processing/EE326_Digital_Image_Processing_LAB/Lab5_Frequency_Domain_Filtering/frquency_domain_filtering_11810818/style/userpackage.tex:16: LaTeX Error: \usepackage before \documentclass.

See the LaTeX manual or LaTeX Companion for explanation.
Type  H <return>  for immediate help.
 ...                                              
                                                  
l.16 \usepackage[nottoc]{
                         tocbibind}
\usepackage may only appear in the document preamble, i.e.,
between \documentclass and \begin{document}.


/Users/tongyuan/Documents/Study/S6_Spring_2021/Digital_Imagine_Processing/EE326_Digital_Image_Processing_LAB/Lab5_Frequency_Domain_Filtering/frquency_domain_filtering_11810818/style/userpackage.tex:17: LaTeX Error: \usepackage before \documentclass.

See the LaTeX manual or LaTeX Companion for explanation.
Type  H <return>  for immediate help.
 ...                                              
                                                  
l.17 \usepackage{
                 caption}
\usepackage may only appear in the document preamble, i.e.,
between \documentclass and \begin{document}.


/Users/tongyuan/Documents/Study/S6_Spring_2021/Digital_Imagine_Processing/EE326_Digital_Image_Processing_LAB/Lab5_Frequency_Domain_Filtering/frquency_domain_filtering_11810818/style/userpackage.tex:18: LaTeX Error: \usepackage before \documentclass.

See the LaTeX manual or LaTeX Companion for explanation.
Type  H <return>  for immediate help.
 ...                                              
                                                  
l.18 \usepackage{
                 subcaption}
\usepackage may only appear in the document preamble, i.e.,
between \documentclass and \begin{document}.


/Users/tongyuan/Documents/Study/S6_Spring_2021/Digital_Imagine_Processing/EE326_Digital_Image_Processing_LAB/Lab5_Frequency_Domain_Filtering/frquency_domain_filtering_11810818/style/userpackage.tex:19: LaTeX Error: \usepackage before \documentclass.

See the LaTeX manual or LaTeX Companion for explanation.
Type  H <return>  for immediate help.
 ...                                              
                                                  
l.19 \usepackage{
                 mathtools}
\usepackage may only appear in the document preamble, i.e.,
between \documentclass and \begin{document}.

/Users/tongyuan/Documents/Study/S6_Spring_2021/Digital_Imagine_Processing/EE326_Digital_Image_Processing_LAB/Lab5_Frequency_Domain_Filtering/frquency_domain_filtering_11810818/style/userpackage.tex:20: Undefined control sequence.
l.20 \DeclarePairedDelimiter
                            \abs{\lvert}{\rvert}%
The control sequence at the end of the top line
of your error message was never \def'ed. If you have
misspelled it (e.g., `\hobx'), type `I' and the correct
spelling (e.g., `I\hbox'). Otherwise just continue,
and I'll forget about whatever was undefined.

/Users/tongyuan/Documents/Study/S6_Spring_2021/Digital_Imagine_Processing/EE326_Digital_Image_Processing_LAB/Lab5_Frequency_Domain_Filtering/frquency_domain_filtering_11810818/style/userpackage.tex:20: Undefined control sequence.
l.20 \DeclarePairedDelimiter\abs
                                {\lvert}{\rvert}%
The control sequence at the end of the top line
of your error message was never \def'ed. If you have
misspelled it (e.g., `\hobx'), type `I' and the correct
spelling (e.g., `I\hbox'). Otherwise just continue,
and I'll forget about whatever was undefined.

/Users/tongyuan/Documents/Study/S6_Spring_2021/Digital_Imagine_Processing/EE326_Digital_Image_Processing_LAB/Lab5_Frequency_Domain_Filtering/frquency_domain_filtering_11810818/style/userpackage.tex:20: Undefined control sequence.
l.20 \DeclarePairedDelimiter\abs{\lvert
                                       }{\rvert}%
The control sequence at the end of the top line
of your error message was never \def'ed. If you have
misspelled it (e.g., `\hobx'), type `I' and the correct
spelling (e.g., `I\hbox'). Otherwise just continue,
and I'll forget about whatever was undefined.

/Users/tongyuan/Documents/Study/S6_Spring_2021/Digital_Imagine_Processing/EE326_Digital_Image_Processing_LAB/Lab5_Frequency_Domain_Filtering/frquency_domain_filtering_11810818/style/userpackage.tex:20: Undefined control sequence.
l.20 \DeclarePairedDelimiter\abs{\lvert}{\rvert
                                               }%
The control sequence at the end of the top line
of your error message was never \def'ed. If you have
misspelled it (e.g., `\hobx'), type `I' and the correct
spelling (e.g., `I\hbox'). Otherwise just continue,
and I'll forget about whatever was undefined.

/Users/tongyuan/Documents/Study/S6_Spring_2021/Digital_Imagine_Processing/EE326_Digital_Image_Processing_LAB/Lab5_Frequency_Domain_Filtering/frquency_domain_filtering_11810818/style/userpackage.tex:21: Undefined control sequence.
l.21 \DeclarePairedDelimiter
                            \norm{\lVert}{\rVert}%
The control sequence at the end of the top line
of your error message was never \def'ed. If you have
misspelled it (e.g., `\hobx'), type `I' and the correct
spelling (e.g., `I\hbox'). Otherwise just continue,
and I'll forget about whatever was undefined.

/Users/tongyuan/Documents/Study/S6_Spring_2021/Digital_Imagine_Processing/EE326_Digital_Image_Processing_LAB/Lab5_Frequency_Domain_Filtering/frquency_domain_filtering_11810818/style/userpackage.tex:21: Undefined control sequence.
l.21 \DeclarePairedDelimiter\norm
                                 {\lVert}{\rVert}%
The control sequence at the end of the top line
of your error message was never \def'ed. If you have
misspelled it (e.g., `\hobx'), type `I' and the correct
spelling (e.g., `I\hbox'). Otherwise just continue,
and I'll forget about whatever was undefined.

/Users/tongyuan/Documents/Study/S6_Spring_2021/Digital_Imagine_Processing/EE326_Digital_Image_Processing_LAB/Lab5_Frequency_Domain_Filtering/frquency_domain_filtering_11810818/style/userpackage.tex:21: Undefined control sequence.
l.21 \DeclarePairedDelimiter\norm{\lVert
                                        }{\rVert}%
The control sequence at the end of the top line
of your error message was never \def'ed. If you have
misspelled it (e.g., `\hobx'), type `I' and the correct
spelling (e.g., `I\hbox'). Otherwise just continue,
and I'll forget about whatever was undefined.

/Users/tongyuan/Documents/Study/S6_Spring_2021/Digital_Imagine_Processing/EE326_Digital_Image_Processing_LAB/Lab5_Frequency_Domain_Filtering/frquency_domain_filtering_11810818/style/userpackage.tex:21: Undefined control sequence.
l.21 \DeclarePairedDelimiter\norm{\lVert}{\rVert
                                                }%
The control sequence at the end of the top line
of your error message was never \def'ed. If you have
misspelled it (e.g., `\hobx'), type `I' and the correct
spelling (e.g., `I\hbox'). Otherwise just continue,
and I'll forget about whatever was undefined.


Overfull \hbox (20.0pt too wide) in paragraph at lines 12--22
[]
 []

)
! Emergency stop.
<*> ...in_filtering_11810818/style/userpackage.tex
                                                  
*** (job aborted, no legal \end found)

 
Here is how much of TeX's memory you used:
 20 strings out of 476939
 1059 string characters out of 5822581
 296464 words of memory out of 5000000
 20112 multiletter control sequences out of 15000+600000
 403430 words of font info for 27 fonts, out of 8000000 for 9000
 1348 hyphenation exceptions out of 8191
 12i,0n,15p,277b,16s stack positions out of 5000i,500n,10000p,500000b,80000s
No pages of output.
