This is XeTeX, Version 3.14159265-2.6-0.999992 (TeX Live 2020) (preloaded format=xelatex 2021.3.2)  2 APR 2021 22:39
entering extended mode
 \write18 enabled.
 file:line:error style messages enabled.
 %&-line parsing enabled.
**/Users/tongyuan/Documents/Study/S6_Spring_2021/Digital_Imagine_Processing/EE326_Digital_Image_Processing_LAB/Lab5_Frequency_Domain_Filtering/report/frquency_domain_filtering_11810818.tex
(/Users/tongyuan/Documents/Study/S6_Spring_2021/Digital_Imagine_Processing/EE326_Digital_Image_Processing_LAB/Lab5_Frequency_Domain_Filtering/report/frquency_domain_filtering_11810818.tex
LaTeX2e <2020-10-01> patch level 4
L3 programming layer <2021-02-18> (/Users/tongyuan/Documents/Study/S6_Spring_2021/Digital_Imagine_Processing/EE326_Digital_Image_Processing_LAB/Lab5_Frequency_Domain_Filtering/report/style/fphw.cls

LaTeX Warning: You have requested document class `style/fphw',
               but the document class provides `fphw'.

Document Class: fphw 2019/03/19
(/usr/local/texlive/2020/texmf-dist/tex/latex/fancyhdr/fancyhdr.sty
Package: fancyhdr 2021/01/28 v4.0.1 Extensive control of page headers and footers
\f@nch@headwidth=\skip47
\f@nch@O@elh=\skip48
\f@nch@O@erh=\skip49
\f@nch@O@olh=\skip50
\f@nch@O@orh=\skip51
\f@nch@O@elf=\skip52
\f@nch@O@erf=\skip53
\f@nch@O@olf=\skip54
\f@nch@O@orf=\skip55
) (/usr/local/texlive/2020/texmf-dist/tex/latex/base/article.cls
Document Class: article 2020/04/10 v1.4m Standard LaTeX document class
(/usr/local/texlive/2020/texmf-dist/tex/latex/base/size12.clo
File: size12.clo 2020/04/10 v1.4m Standard LaTeX file (size option)
)
\c@part=\count175
\c@section=\count176
\c@subsection=\count177
\c@subsubsection=\count178
\c@paragraph=\count179
\c@subparagraph=\count180
\c@figure=\count181
\c@table=\count182
\abovecaptionskip=\skip56
\belowcaptionskip=\skip57
\bibindent=\dimen138
) (/usr/local/texlive/2020/texmf-dist/tex/latex/titlesec/titlesec.sty
Package: titlesec 2019/10/16 v2.13 Sectioning titles
\ttl@box=\box47
\beforetitleunit=\skip58
\aftertitleunit=\skip59
\ttl@plus=\dimen139
\ttl@minus=\dimen140
\ttl@toksa=\toks15
\titlewidth=\dimen141
\titlewidthlast=\dimen142
\titlewidthfirst=\dimen143
) (/usr/local/texlive/2020/texmf-dist/tex/latex/geometry/geometry.sty
Package: geometry 2020/01/02 v5.9 Page Geometry
 (/usr/local/texlive/2020/texmf-dist/tex/latex/graphics/keyval.sty
Package: keyval 2014/10/28 v1.15 key=value parser (DPC)
\KV@toks@=\toks16
) (/usr/local/texlive/2020/texmf-dist/tex/generic/iftex/ifvtex.sty
Package: ifvtex 2019/10/25 v1.7 ifvtex legacy package. Use iftex instead.
 (/usr/local/texlive/2020/texmf-dist/tex/generic/iftex/iftex.sty
Package: iftex 2020/03/06 v1.0d TeX engine tests
))
\Gm@cnth=\count183
\Gm@cntv=\count184
\c@Gm@tempcnt=\count185
\Gm@bindingoffset=\dimen144
\Gm@wd@mp=\dimen145
\Gm@odd@mp=\dimen146
\Gm@even@mp=\dimen147
\Gm@layoutwidth=\dimen148
\Gm@layoutheight=\dimen149
\Gm@layouthoffset=\dimen150
\Gm@layoutvoffset=\dimen151
\Gm@dimlist=\toks17
)
\problembox=\box48
) (/Users/tongyuan/Documents/Study/S6_Spring_2021/Digital_Imagine_Processing/EE326_Digital_Image_Processing_LAB/Lab5_Frequency_Domain_Filtering/report/style/userpackage.tex (/usr/local/texlive/2020/texmf-dist/tex/latex/base/inputenc.sty
Package: inputenc 2020/08/01 v1.3d Input encoding file
\inpenc@prehook=\toks18
\inpenc@posthook=\toks19


Package inputenc Warning: inputenc package ignored with utf8 based engines.

) (/usr/local/texlive/2020/texmf-dist/tex/latex/base/fontenc.sty
Package: fontenc 2020/08/10 v2.0s Standard LaTeX package
LaTeX Font Info:    Trying to load font information for T1+lmr on input line 112.
 (/usr/local/texlive/2020/texmf-dist/tex/latex/lm/t1lmr.fd
File: t1lmr.fd 2009/10/30 v1.6 Font defs for Latin Modern
)) (/usr/local/texlive/2020/texmf-dist/tex/latex/psnfss/mathpazo.sty
Package: mathpazo 2020/03/25 PSNFSS-v9.3 Palatino w/ Pazo Math (D.Puga, WaS) 
\symupright=\mathgroup4
) (/usr/local/texlive/2020/texmf-dist/tex/latex/amsfonts/amssymb.sty
Package: amssymb 2013/01/14 v3.01 AMS font symbols
 (/usr/local/texlive/2020/texmf-dist/tex/latex/amsfonts/amsfonts.sty
Package: amsfonts 2013/01/14 v3.01 Basic AMSFonts support
\@emptytoks=\toks20
\symAMSa=\mathgroup5
\symAMSb=\mathgroup6
LaTeX Font Info:    Redeclaring math symbol \hbar on input line 98.
LaTeX Font Info:    Overwriting math alphabet `\mathfrak' in version `bold'
(Font)                  U/euf/m/n --> U/euf/b/n on input line 106.
)) (/usr/local/texlive/2020/texmf-dist/tex/latex/graphics/graphicx.sty
Package: graphicx 2020/09/09 v1.2b Enhanced LaTeX Graphics (DPC,SPQR)
 (/usr/local/texlive/2020/texmf-dist/tex/latex/graphics/graphics.sty
Package: graphics 2020/08/30 v1.4c Standard LaTeX Graphics (DPC,SPQR)
 (/usr/local/texlive/2020/texmf-dist/tex/latex/graphics/trig.sty
Package: trig 2016/01/03 v1.10 sin cos tan (DPC)
) (/usr/local/texlive/2020/texmf-dist/tex/latex/graphics-cfg/graphics.cfg
File: graphics.cfg 2016/06/04 v1.11 sample graphics configuration
)
Package graphics Info: Driver file: xetex.def on input line 105.
 (/usr/local/texlive/2020/texmf-dist/tex/latex/graphics-def/xetex.def
File: xetex.def 2020/08/26 v5.0i Graphics/color driver for xetex
))
\Gin@req@height=\dimen152
\Gin@req@width=\dimen153
) (/usr/local/texlive/2020/texmf-dist/tex/latex/booktabs/booktabs.sty
Package: booktabs 2020/01/12 v1.61803398 Publication quality tables
\heavyrulewidth=\dimen154
\lightrulewidth=\dimen155
\cmidrulewidth=\dimen156
\belowrulesep=\dimen157
\belowbottomsep=\dimen158
\aboverulesep=\dimen159
\abovetopsep=\dimen160
\cmidrulesep=\dimen161
\cmidrulekern=\dimen162
\defaultaddspace=\dimen163
\@cmidla=\count186
\@cmidlb=\count187
\@aboverulesep=\dimen164
\@belowrulesep=\dimen165
\@thisruleclass=\count188
\@lastruleclass=\count189
\@thisrulewidth=\dimen166
) (/usr/local/texlive/2020/texmf-dist/tex/latex/listings/listings.sty
\lst@mode=\count190
\lst@gtempboxa=\box49
\lst@token=\toks21
\lst@length=\count191
\lst@currlwidth=\dimen167
\lst@column=\count192
\lst@pos=\count193
\lst@lostspace=\dimen168
\lst@width=\dimen169
\lst@newlines=\count194
\lst@lineno=\count195
\lst@maxwidth=\dimen170
 (/usr/local/texlive/2020/texmf-dist/tex/latex/listings/lstmisc.sty
File: lstmisc.sty 2020/03/24 1.8d (Carsten Heinz)
\c@lstnumber=\count196
\lst@skipnumbers=\count197
\lst@framebox=\box50
) (/usr/local/texlive/2020/texmf-dist/tex/latex/listings/listings.cfg
File: listings.cfg 2020/03/24 1.8d listings configuration
))
Package: listings 2020/03/24 1.8d (Carsten Heinz)
 (/usr/local/texlive/2020/texmf-dist/tex/latex/tools/enumerate.sty
Package: enumerate 2015/07/23 v3.00 enumerate extensions (DPC)
\@enLab=\toks22
) (/usr/local/texlive/2020/texmf-dist/tex/latex/epstopdf-pkg/epstopdf.sty
Package: epstopdf 2020-01-24 v2.11 Conversion with epstopdf on the fly (HO)
 (/usr/local/texlive/2020/texmf-dist/tex/generic/infwarerr/infwarerr.sty
Package: infwarerr 2019/12/03 v1.5 Providing info/warning/error messages (HO)
) (/usr/local/texlive/2020/texmf-dist/tex/latex/grfext/grfext.sty
Package: grfext 2019/12/03 v1.3 Manage graphics extensions (HO)
 (/usr/local/texlive/2020/texmf-dist/tex/generic/kvdefinekeys/kvdefinekeys.sty
Package: kvdefinekeys 2019-12-19 v1.6 Define keys (HO)
)) (/usr/local/texlive/2020/texmf-dist/tex/latex/kvoptions/kvoptions.sty
Package: kvoptions 2020-10-07 v3.14 Key value format for package options (HO)
 (/usr/local/texlive/2020/texmf-dist/tex/generic/ltxcmds/ltxcmds.sty
Package: ltxcmds 2020-05-10 v1.25 LaTeX kernel commands for general use (HO)
) (/usr/local/texlive/2020/texmf-dist/tex/generic/kvsetkeys/kvsetkeys.sty
Package: kvsetkeys 2019/12/15 v1.18 Key value parser (HO)
)) (/usr/local/texlive/2020/texmf-dist/tex/generic/pdftexcmds/pdftexcmds.sty
Package: pdftexcmds 2020-06-27 v0.33 Utility functions of pdfTeX for LuaTeX (HO)
Package pdftexcmds Info: \pdf@primitive is available.
Package pdftexcmds Info: \pdf@ifprimitive is available.
Package pdftexcmds Info: \pdfdraftmode not found.
) (/usr/local/texlive/2020/texmf-dist/tex/latex/epstopdf-pkg/epstopdf-base.sty
Package: epstopdf-base 2020-01-24 v2.11 Base part for package epstopdf


Package epstopdf Warning: Drivers other than `pdftex' and `luatex' are not supported.

))
Package grfext Info: Graphics extension search list:
(grfext)             [.pdf,.PDF,.ai,.AI,.png,.PNG,.jpg,.JPG,.jpeg,.JPEG,.jp2,.JP2,.jpf,.JPF,.bmp,.BMP,.ps,.PS,.eps,.EPS,.mps,.MPS,.pz,.eps.Z,.ps.Z,.ps.gz,.eps.gz,.tif]
(grfext)             \AppendGraphicsExtensions on input line 13.
 (/usr/local/texlive/2020/texmf-dist/tex/latex/algorithm2e/algorithm2e.sty
Invalid UTF-8 byte or sequence at line 284 replaced by U+FFFD.
Invalid UTF-8 byte or sequence at line 299 replaced by U+FFFD.
Invalid UTF-8 byte or sequence at line 550 replaced by U+FFFD.
Package: algorithm2e 2017/07/18 v5.2 algorithms environments
\c@AlgoLine=\count198
 (/usr/local/texlive/2020/texmf-dist/tex/latex/base/ifthen.sty
Package: ifthen 2014/09/29 v1.1c Standard LaTeX ifthen package (DPC)
)
\algocf@hangindent=\skip60
 (/usr/local/texlive/2020/texmf-dist/tex/latex/ifoddpage/ifoddpage.sty
Package: ifoddpage 2016/04/23 v1.1 Conditionals for odd/even page detection
\c@checkoddpage=\count199
) (/usr/local/texlive/2020/texmf-dist/tex/latex/tools/xspace.sty
Package: xspace 2014/10/28 v1.13 Space after command names (DPC,MH)
) (/usr/local/texlive/2020/texmf-dist/tex/latex/relsize/relsize.sty
Package: relsize 2013/03/29 ver 4.1
)
\skiptotal=\skip61
\skiplinenumber=\skip62
\skiprule=\skip63
\skiphlne=\skip64
\skiptext=\skip65
\skiplength=\skip66
\algomargin=\skip67
\skipalgocfslide=\skip68
\algowidth=\dimen171
\inoutsize=\dimen172
\inoutindent=\dimen173
\interspacetitleruled=\dimen174
\interspacealgoruled=\dimen175
\interspacetitleboxruled=\dimen176
\algocf@ruledwidth=\skip69
\algocf@inoutbox=\box51
\algocf@inputbox=\box52
\AlCapSkip=\skip70
\AlCapHSkip=\skip71
\algoskipindent=\skip72
\algocf@nlbox=\box53
\algocf@hangingbox=\box54
\algocf@untilbox=\box55
\algocf@skipuntil=\skip73
\algocf@capbox=\box56
\algocf@lcaptionbox=\skip74
\algoheightruledefault=\skip75
\algoheightrule=\skip76
\algotitleheightruledefault=\skip77
\algotitleheightrule=\skip78
\c@algocfline=\count266
\c@algocfproc=\count267
\c@algocf=\count268
\algocf@algoframe=\box57
\algocf@algobox=\box58
) (/usr/local/texlive/2020/texmf-dist/tex/latex/minted/minted.sty
Package: minted 2017/07/19 v2.5 Yet another Pygments shim for LaTeX
 (/usr/local/texlive/2020/texmf-dist/tex/latex/fvextra/fvextra.sty
Package: fvextra 2019/02/04 v1.4 fvextra - extensions and patches for fancyvrb
 (/usr/local/texlive/2020/texmf-dist/tex/latex/etoolbox/etoolbox.sty
Package: etoolbox 2020/10/05 v2.5k e-TeX tools for LaTeX (JAW)
\etb@tempcnta=\count269
) (/usr/local/texlive/2020/texmf-dist/tex/latex/fancyvrb/fancyvrb.sty
Package: fancyvrb 2021/01/20 v3.7 verbatim text (tvz,hv)
\FV@CodeLineNo=\count270
\FV@InFile=\read2
\FV@TabBox=\box59
\c@FancyVerbLine=\count271
\FV@StepNumber=\count272
\FV@OutFile=\write3
) (/usr/local/texlive/2020/texmf-dist/tex/latex/upquote/upquote.sty
Package: upquote 2012/04/19 v1.3 upright-quote and grave-accent glyphs in verbatim
 (/usr/local/texlive/2020/texmf-dist/tex/latex/base/textcomp.sty
Package: textcomp 2020/02/02 v2.0n Standard LaTeX package
)) (/usr/local/texlive/2020/texmf-dist/tex/latex/lineno/lineno.sty
Package: lineno 2005/11/02 line numbers on paragraphs v4.41
Invalid UTF-8 byte or sequence at line 296 replaced by U+FFFD.
\linenopenalty=\count273
\output=\toks23
\linenoprevgraf=\count274
\linenumbersep=\dimen177
\linenumberwidth=\dimen178
\c@linenumber=\count275
\c@pagewiselinenumber=\count276
\c@LN@truepage=\count277
\c@internallinenumber=\count278
\c@internallinenumbers=\count279
\quotelinenumbersep=\dimen179
\bframerule=\dimen180
\bframesep=\dimen181
\bframebox=\box60
LaTeX Info: Redefining \\ on input line 3056.
)
\c@FV@TrueTabGroupLevel=\count280
\c@FV@TrueTabCounter=\count281
\FV@TabBox@Group=\box61
\FV@TmpLength=\skip79
\c@FV@HighlightLinesStart=\count282
\c@FV@HighlightLinesStop=\count283
\FV@LoopCount=\count284
\FV@NCharsBox=\box62
\FV@BreakIndent=\dimen182
\FV@BreakIndentNChars=\count285
\FV@BreakSymbolSepLeft=\dimen183
\FV@BreakSymbolSepLeftNChars=\count286
\FV@BreakSymbolSepRight=\dimen184
\FV@BreakSymbolSepRightNChars=\count287
\FV@BreakSymbolIndentLeft=\dimen185
\FV@BreakSymbolIndentLeftNChars=\count288
\FV@BreakSymbolIndentRight=\dimen186
\FV@BreakSymbolIndentRightNChars=\count289
\c@FancyVerbLineBreakLast=\count290
\FV@LineBox=\box63
\FV@LineIndentBox=\box64
\FV@LineWidth=\dimen187
) (/usr/local/texlive/2020/texmf-dist/tex/latex/tools/calc.sty
Package: calc 2017/05/25 v4.3 Infix arithmetic (KKT,FJ)
\calc@Acount=\count291
\calc@Bcount=\count292
\calc@Adimen=\dimen188
\calc@Bdimen=\dimen189
\calc@Askip=\skip80
\calc@Bskip=\skip81
LaTeX Info: Redefining \setlength on input line 80.
LaTeX Info: Redefining \addtolength on input line 81.
\calc@Ccount=\count293
\calc@Cskip=\skip82
) (/usr/local/texlive/2020/texmf-dist/tex/latex/tools/shellesc.sty
Package: shellesc 2019/11/08 v1.0c unified shell escape interface for LaTeX
Package shellesc Info: Unrestricted shell escape enabled on input line 75.
) (/usr/local/texlive/2020/texmf-dist/tex/latex/ifplatform/ifplatform.sty
Package: ifplatform 2017/10/13 v0.4a Testing for the operating system
 (/usr/local/texlive/2020/texmf-dist/tex/generic/catchfile/catchfile.sty
Package: catchfile 2019/12/09 v1.8 Catch the contents of a file (HO)
 (/usr/local/texlive/2020/texmf-dist/tex/generic/etexcmds/etexcmds.sty
Package: etexcmds 2019/12/15 v1.7 Avoid name clashes with e-TeX commands (HO)
)) (/usr/local/texlive/2020/texmf-dist/tex/generic/iftex/ifluatex.sty
Package: ifluatex 2019/10/25 v1.5 ifluatex legacy package. Use iftex instead.
)
runsystem(uname -s > "frquency_domain_filtering_11810818.w18")...executed.

 (/Users/tongyuan/Documents/Study/S6_Spring_2021/Digital_Imagine_Processing/EE326_Digital_Image_Processing_LAB/Lab5_Frequency_Domain_Filtering/report/frquency_domain_filtering_11810818.w18)
runsystem(rm -- "frquency_domain_filtering_11810818.w18")...executed.

) (/usr/local/texlive/2020/texmf-dist/tex/generic/xstring/xstring.sty (/usr/local/texlive/2020/texmf-dist/tex/generic/xstring/xstring.tex
\integerpart=\count294
Invalid UTF-8 byte or sequence at line 35 replaced by U+FFFD.
\decimalpart=\count295
Invalid UTF-8 byte or sequence at line 79 replaced by U+FFFD.
Invalid UTF-8 byte or sequence at line 79 replaced by U+FFFD.
Invalid UTF-8 byte or sequence at line 83 replaced by U+FFFD.
Invalid UTF-8 byte or sequence at line 86 replaced by U+FFFD.
Invalid UTF-8 byte or sequence at line 102 replaced by U+FFFD.
Invalid UTF-8 byte or sequence at line 114 replaced by U+FFFD.
Invalid UTF-8 byte or sequence at line 120 replaced by U+FFFD.
Invalid UTF-8 byte or sequence at line 125 replaced by U+FFFD.
Invalid UTF-8 byte or sequence at line 147 replaced by U+FFFD.
Invalid UTF-8 byte or sequence at line 147 replaced by U+FFFD.
Invalid UTF-8 byte or sequence at line 147 replaced by U+FFFD.
Invalid UTF-8 byte or sequence at line 182 replaced by U+FFFD.
Invalid UTF-8 byte or sequence at line 182 replaced by U+FFFD.
Invalid UTF-8 byte or sequence at line 182 replaced by U+FFFD.
Invalid UTF-8 byte or sequence at line 183 replaced by U+FFFD.
Invalid UTF-8 byte or sequence at line 184 replaced by U+FFFD.
Invalid UTF-8 byte or sequence at line 185 replaced by U+FFFD.
Invalid UTF-8 byte or sequence at line 185 replaced by U+FFFD.
Invalid UTF-8 byte or sequence at line 185 replaced by U+FFFD.
Invalid UTF-8 byte or sequence at line 189 replaced by U+FFFD.
Invalid UTF-8 byte or sequence at line 189 replaced by U+FFFD.
Invalid UTF-8 byte or sequence at line 190 replaced by U+FFFD.
Invalid UTF-8 byte or sequence at line 190 replaced by U+FFFD.
Invalid UTF-8 byte or sequence at line 193 replaced by U+FFFD.
Invalid UTF-8 byte or sequence at line 208 replaced by U+FFFD.
Invalid UTF-8 byte or sequence at line 208 replaced by U+FFFD.
Invalid UTF-8 byte or sequence at line 208 replaced by U+FFFD.
Invalid UTF-8 byte or sequence at line 208 replaced by U+FFFD.
Invalid UTF-8 byte or sequence at line 208 replaced by U+FFFD.
Invalid UTF-8 byte or sequence at line 208 replaced by U+FFFD.
Invalid UTF-8 byte or sequence at line 221 replaced by U+FFFD.
Invalid UTF-8 byte or sequence at line 221 replaced by U+FFFD.
Invalid UTF-8 byte or sequence at line 241 replaced by U+FFFD.
Invalid UTF-8 byte or sequence at line 241 replaced by U+FFFD.
Invalid UTF-8 byte or sequence at line 241 replaced by U+FFFD.
Invalid UTF-8 byte or sequence at line 241 replaced by U+FFFD.
Invalid UTF-8 byte or sequence at line 266 replaced by U+FFFD.
Invalid UTF-8 byte or sequence at line 284 replaced by U+FFFD.
Invalid UTF-8 byte or sequence at line 295 replaced by U+FFFD.
Invalid UTF-8 byte or sequence at line 300 replaced by U+FFFD.
Invalid UTF-8 byte or sequence at line 300 replaced by U+FFFD.
Invalid UTF-8 byte or sequence at line 301 replaced by U+FFFD.
Invalid UTF-8 byte or sequence at line 301 replaced by U+FFFD.
Invalid UTF-8 byte or sequence at line 301 replaced by U+FFFD.
Invalid UTF-8 byte or sequence at line 302 replaced by U+FFFD.
Invalid UTF-8 byte or sequence at line 303 replaced by U+FFFD.
Invalid UTF-8 byte or sequence at line 332 replaced by U+FFFD.
Invalid UTF-8 byte or sequence at line 332 replaced by U+FFFD.
Invalid UTF-8 byte or sequence at line 332 replaced by U+FFFD.
Invalid UTF-8 byte or sequence at line 332 replaced by U+FFFD.
Invalid UTF-8 byte or sequence at line 333 replaced by U+FFFD.
Invalid UTF-8 byte or sequence at line 334 replaced by U+FFFD.
Invalid UTF-8 byte or sequence at line 334 replaced by U+FFFD.
Invalid UTF-8 byte or sequence at line 334 replaced by U+FFFD.
Invalid UTF-8 byte or sequence at line 406 replaced by U+FFFD.
Invalid UTF-8 byte or sequence at line 406 replaced by U+FFFD.
Invalid UTF-8 byte or sequence at line 409 replaced by U+FFFD.
Invalid UTF-8 byte or sequence at line 410 replaced by U+FFFD.
Invalid UTF-8 byte or sequence at line 428 replaced by U+FFFD.
Invalid UTF-8 byte or sequence at line 434 replaced by U+FFFD.
Invalid UTF-8 byte or sequence at line 457 replaced by U+FFFD.
Invalid UTF-8 byte or sequence at line 457 replaced by U+FFFD.
Invalid UTF-8 byte or sequence at line 464 replaced by U+FFFD.
Invalid UTF-8 byte or sequence at line 464 replaced by U+FFFD.
Invalid UTF-8 byte or sequence at line 466 replaced by U+FFFD.
Invalid UTF-8 byte or sequence at line 466 replaced by U+FFFD.
Invalid UTF-8 byte or sequence at line 541 replaced by U+FFFD.
Invalid UTF-8 byte or sequence at line 541 replaced by U+FFFD.
Invalid UTF-8 byte or sequence at line 541 replaced by U+FFFD.
Invalid UTF-8 byte or sequence at line 586 replaced by U+FFFD.
Invalid UTF-8 byte or sequence at line 586 replaced by U+FFFD.
Invalid UTF-8 byte or sequence at line 588 replaced by U+FFFD.
Invalid UTF-8 byte or sequence at line 588 replaced by U+FFFD.
Invalid UTF-8 byte or sequence at line 595 replaced by U+FFFD.
Invalid UTF-8 byte or sequence at line 597 replaced by U+FFFD.
Invalid UTF-8 byte or sequence at line 599 replaced by U+FFFD.
Invalid UTF-8 byte or sequence at line 602 replaced by U+FFFD.
Invalid UTF-8 byte or sequence at line 605 replaced by U+FFFD.
Invalid UTF-8 byte or sequence at line 605 replaced by U+FFFD.
Invalid UTF-8 byte or sequence at line 610 replaced by U+FFFD.
Invalid UTF-8 byte or sequence at line 615 replaced by U+FFFD.
Invalid UTF-8 byte or sequence at line 632 replaced by U+FFFD.
Invalid UTF-8 byte or sequence at line 632 replaced by U+FFFD.
Invalid UTF-8 byte or sequence at line 633 replaced by U+FFFD.
Invalid UTF-8 byte or sequence at line 635 replaced by U+FFFD.
Invalid UTF-8 byte or sequence at line 637 replaced by U+FFFD.
Invalid UTF-8 byte or sequence at line 647 replaced by U+FFFD.
Invalid UTF-8 byte or sequence at line 653 replaced by U+FFFD.
Invalid UTF-8 byte or sequence at line 678 replaced by U+FFFD.
Invalid UTF-8 byte or sequence at line 700 replaced by U+FFFD.
Invalid UTF-8 byte or sequence at line 705 replaced by U+FFFD.
Invalid UTF-8 byte or sequence at line 715 replaced by U+FFFD.
Invalid UTF-8 byte or sequence at line 715 replaced by U+FFFD.
Invalid UTF-8 byte or sequence at line 715 replaced by U+FFFD.
Invalid UTF-8 byte or sequence at line 719 replaced by U+FFFD.
Invalid UTF-8 byte or sequence at line 732 replaced by U+FFFD.
Invalid UTF-8 byte or sequence at line 732 replaced by U+FFFD.
Invalid UTF-8 byte or sequence at line 741 replaced by U+FFFD.
Invalid UTF-8 byte or sequence at line 741 replaced by U+FFFD.
Invalid UTF-8 byte or sequence at line 742 replaced by U+FFFD.
Invalid UTF-8 byte or sequence at line 742 replaced by U+FFFD.
Invalid UTF-8 byte or sequence at line 762 replaced by U+FFFD.
Invalid UTF-8 byte or sequence at line 773 replaced by U+FFFD.
Invalid UTF-8 byte or sequence at line 773 replaced by U+FFFD.
Invalid UTF-8 byte or sequence at line 774 replaced by U+FFFD.
Invalid UTF-8 byte or sequence at line 774 replaced by U+FFFD.
Invalid UTF-8 byte or sequence at line 774 replaced by U+FFFD.
Invalid UTF-8 byte or sequence at line 797 replaced by U+FFFD.
Invalid UTF-8 byte or sequence at line 797 replaced by U+FFFD.
Invalid UTF-8 byte or sequence at line 810 replaced by U+FFFD.
Invalid UTF-8 byte or sequence at line 824 replaced by U+FFFD.
Invalid UTF-8 byte or sequence at line 824 replaced by U+FFFD.
Invalid UTF-8 byte or sequence at line 831 replaced by U+FFFD.
Invalid UTF-8 byte or sequence at line 838 replaced by U+FFFD.
Invalid UTF-8 byte or sequence at line 838 replaced by U+FFFD.
Invalid UTF-8 byte or sequence at line 846 replaced by U+FFFD.
Invalid UTF-8 byte or sequence at line 846 replaced by U+FFFD.
Invalid UTF-8 byte or sequence at line 861 replaced by U+FFFD.
Invalid UTF-8 byte or sequence at line 862 replaced by U+FFFD.
Invalid UTF-8 byte or sequence at line 864 replaced by U+FFFD.
Invalid UTF-8 byte or sequence at line 864 replaced by U+FFFD.
Invalid UTF-8 byte or sequence at line 908 replaced by U+FFFD.
Invalid UTF-8 byte or sequence at line 909 replaced by U+FFFD.
Invalid UTF-8 byte or sequence at line 909 replaced by U+FFFD.
Invalid UTF-8 byte or sequence at line 934 replaced by U+FFFD.
Invalid UTF-8 byte or sequence at line 934 replaced by U+FFFD.
Invalid UTF-8 byte or sequence at line 936 replaced by U+FFFD.
Invalid UTF-8 byte or sequence at line 936 replaced by U+FFFD.
Invalid UTF-8 byte or sequence at line 940 replaced by U+FFFD.
Invalid UTF-8 byte or sequence at line 940 replaced by U+FFFD.
Invalid UTF-8 byte or sequence at line 962 replaced by U+FFFD.
Invalid UTF-8 byte or sequence at line 962 replaced by U+FFFD.
Invalid UTF-8 byte or sequence at line 964 replaced by U+FFFD.
Invalid UTF-8 byte or sequence at line 965 replaced by U+FFFD.
Invalid UTF-8 byte or sequence at line 1006 replaced by U+FFFD.
)
Package: xstring 2019/02/06 v1.83 String manipulations (CT)
) (/usr/local/texlive/2020/texmf-dist/tex/latex/framed/framed.sty
Package: framed 2011/10/22 v 0.96: framed or shaded text with page breaks
\OuterFrameSep=\skip83
\fb@frw=\dimen190
\fb@frh=\dimen191
\FrameRule=\dimen192
\FrameSep=\dimen193
) (/usr/local/texlive/2020/texmf-dist/tex/latex/float/float.sty
Package: float 2001/11/08 v1.3d Float enhancements (AL)
\c@float@type=\count296
\float@exts=\toks24
\float@box=\box65
\@float@everytoks=\toks25
\@floatcapt=\box66
)
\minted@appexistsfile=\read3
\minted@bgbox=\box67
\minted@code=\write4
\c@minted@FancyVerbLineTemp=\count297
\c@minted@pygmentizecounter=\count298
\@float@every@listing=\toks26
\c@listing=\count299
)
runsystem(mkdir -p _minted-frquency_domain_filtering_11810818)...executed.

 (/usr/local/texlive/2020/texmf-dist/tex/latex/tocbibind/tocbibind.sty
Package: tocbibind 2010/10/13 v1.5k extra ToC listings
Package tocbibind Info: The document has section divisions on input line 50.


Package tocbibind Note: Using section or other style headings.

) (/usr/local/texlive/2020/texmf-dist/tex/latex/caption/caption.sty
Package: caption 2020/10/26 v3.5g Customizing captions (AR)
 (/usr/local/texlive/2020/texmf-dist/tex/latex/caption/caption3.sty
Package: caption3 2020/10/21 v2.2e caption3 kernel (AR)
\captionmargin=\dimen194
\captionmargin@=\dimen195
\captionwidth=\dimen196
\caption@tempdima=\dimen197
\caption@indent=\dimen198
\caption@parindent=\dimen199
\caption@hangindent=\dimen256
Package caption Info: Standard document class detected.
)
\c@caption@flags=\count300
\c@continuedfloat=\count301
Package caption Info: float package is loaded.
Package caption Info: listings package is loaded.
) (/usr/local/texlive/2020/texmf-dist/tex/latex/caption/subcaption.sty
Package: subcaption 2020/10/07 v1.3j Sub-captions (AR)
\c@subfigure=\count302
\c@subtable=\count303
) (/usr/local/texlive/2020/texmf-dist/tex/latex/mathtools/mathtools.sty
Package: mathtools 2020/03/24 v1.24 mathematical typesetting tools
 (/usr/local/texlive/2020/texmf-dist/tex/latex/mathtools/mhsetup.sty
Package: mhsetup 2017/03/31 v1.3 programming setup (MH)
) (/usr/local/texlive/2020/texmf-dist/tex/latex/amsmath/amsmath.sty
Package: amsmath 2020/09/23 v2.17i AMS math features
\@mathmargin=\skip84

For additional information on amsmath, use the `?' option.
(/usr/local/texlive/2020/texmf-dist/tex/latex/amsmath/amstext.sty
Package: amstext 2000/06/29 v2.01 AMS text
 (/usr/local/texlive/2020/texmf-dist/tex/latex/amsmath/amsgen.sty
File: amsgen.sty 1999/11/30 v2.0 generic functions
\@emptytoks=\toks27
\ex@=\dimen257
)) (/usr/local/texlive/2020/texmf-dist/tex/latex/amsmath/amsbsy.sty
Package: amsbsy 1999/11/29 v1.2d Bold Symbols
\pmbraise@=\dimen258
) (/usr/local/texlive/2020/texmf-dist/tex/latex/amsmath/amsopn.sty
Package: amsopn 2016/03/08 v2.02 operator names
)
\inf@bad=\count304
LaTeX Info: Redefining \frac on input line 234.
\uproot@=\count305
\leftroot@=\count306
LaTeX Info: Redefining \overline on input line 399.
\classnum@=\count307
\DOTSCASE@=\count308
LaTeX Info: Redefining \ldots on input line 496.
LaTeX Info: Redefining \dots on input line 499.
LaTeX Info: Redefining \cdots on input line 620.
\Mathstrutbox@=\box68
\strutbox@=\box69
\big@size=\dimen259
LaTeX Font Info:    Redeclaring font encoding OML on input line 743.
LaTeX Font Info:    Redeclaring font encoding OMS on input line 744.
\macc@depth=\count309
\c@MaxMatrixCols=\count310
\dotsspace@=\muskip16
\c@parentequation=\count311
\dspbrk@lvl=\count312
\tag@help=\toks28
\row@=\count313
\column@=\count314
\maxfields@=\count315
\andhelp@=\toks29
\eqnshift@=\dimen260
\alignsep@=\dimen261
\tagshift@=\dimen262
\tagwidth@=\dimen263
\totwidth@=\dimen264
\lineht@=\dimen265
\@envbody=\toks30
\multlinegap=\skip85
\multlinetaggap=\skip86
\mathdisplay@stack=\toks31
LaTeX Info: Redefining \[ on input line 2923.
LaTeX Info: Redefining \] on input line 2924.
)
LaTeX Info: Thecontrolsequence`\('isalreadyrobust on input line 130.
LaTeX Info: Thecontrolsequence`\)'isalreadyrobust on input line 130.
LaTeX Info: Thecontrolsequence`\['isalreadyrobust on input line 130.
LaTeX Info: Thecontrolsequence`\]'isalreadyrobust on input line 130.
\g_MT_multlinerow_int=\count316
\l_MT_multwidth_dim=\dimen266
\origjot=\skip87
\l_MT_shortvdotswithinadjustabove_dim=\dimen267
\l_MT_shortvdotswithinadjustbelow_dim=\dimen268
\l_MT_above_intertext_sep=\dimen269
\l_MT_below_intertext_sep=\dimen270
\l_MT_above_shortintertext_sep=\dimen271
\l_MT_below_shortintertext_sep=\dimen272
\xmathstrut@box=\box70
\xmathstrut@dim=\dimen273
)) (/usr/local/texlive/2020/texmf-dist/tex/latex/xcolor/xcolor.sty
Package: xcolor 2016/05/11 v2.12 LaTeX color extensions (UK)
 (/usr/local/texlive/2020/texmf-dist/tex/latex/graphics-cfg/color.cfg
File: color.cfg 2016/01/02 v1.6 sample color configuration
)
Package xcolor Info: Driver file: xetex.def on input line 225.
Package xcolor Info: Model `cmy' substituted by `cmy0' on input line 1348.
Package xcolor Info: Model `RGB' extended on input line 1364.
Package xcolor Info: Model `HTML' substituted by `rgb' on input line 1366.
Package xcolor Info: Model `Hsb' substituted by `hsb' on input line 1367.
Package xcolor Info: Model `tHsb' substituted by `hsb' on input line 1368.
Package xcolor Info: Model `HSB' substituted by `hsb' on input line 1369.
Package xcolor Info: Model `Gray' substituted by `gray' on input line 1370.
Package xcolor Info: Model `wave' substituted by `hsb' on input line 1371.
)
runsystem(which pygmentize && touch frquency_domain_filtering_11810818.aex)...executed.

runsystem(rm frquency_domain_filtering_11810818.aex)...executed.

LaTeX Font Info:    Trying to load font information for T1+ppl on input line 34.
 (/usr/local/texlive/2020/texmf-dist/tex/latex/psnfss/t1ppl.fd
File: t1ppl.fd 2001/06/04 font definitions for T1/ppl.
) (/usr/local/texlive/2020/texmf-dist/tex/latex/l3backend/l3backend-xetex.def
File: l3backend-xetex.def 2021-02-18 L3 backend support: XeTeX
 (|extractbb --version)
\c__kernel_sys_dvipdfmx_version_int=\count317
\l__color_backend_stack_int=\count318
\g__graphics_track_int=\count319
\l__pdf_internal_box=\box71
\g__pdf_backend_object_int=\count320
\g__pdf_backend_annotation_int=\count321
\g__pdf_backend_link_int=\count322
) (/Users/tongyuan/Documents/Study/S6_Spring_2021/Digital_Imagine_Processing/EE326_Digital_Image_Processing_LAB/Lab5_Frequency_Domain_Filtering/report/frquency_domain_filtering_11810818.aux

LaTeX Warning: Label `Q5_2_lowpass_30_error.tif' multiply defined.


LaTeX Warning: Label `sub@Q5_2_lowpass_30_error.tif' multiply defined.


LaTeX Warning: Label `Butterworth filter' multiply defined.

)
\openout1 = `frquency_domain_filtering_11810818.aux'.

LaTeX Font Info:    Checking defaults for OML/cmm/m/it on input line 34.
LaTeX Font Info:    ... okay on input line 34.
LaTeX Font Info:    Checking defaults for OMS/cmsy/m/n on input line 34.
LaTeX Font Info:    ... okay on input line 34.
LaTeX Font Info:    Checking defaults for OT1/cmr/m/n on input line 34.
LaTeX Font Info:    ... okay on input line 34.
LaTeX Font Info:    Checking defaults for T1/cmr/m/n on input line 34.
LaTeX Font Info:    ... okay on input line 34.
LaTeX Font Info:    Checking defaults for TS1/cmr/m/n on input line 34.
LaTeX Font Info:    Trying to load font information for TS1+cmr on input line 34.
 (/usr/local/texlive/2020/texmf-dist/tex/latex/base/ts1cmr.fd
File: ts1cmr.fd 2019/12/16 v2.5j Standard LaTeX font definitions
)
LaTeX Font Info:    ... okay on input line 34.
LaTeX Font Info:    Checking defaults for TU/lmr/m/n on input line 34.
LaTeX Font Info:    ... okay on input line 34.
LaTeX Font Info:    Checking defaults for OMX/cmex/m/n on input line 34.
LaTeX Font Info:    ... okay on input line 34.
LaTeX Font Info:    Checking defaults for U/cmr/m/n on input line 34.
LaTeX Font Info:    ... okay on input line 34.

*geometry* driver: auto-detecting
*geometry* detected driver: xetex
*geometry* verbose mode - [ preamble ] result:
* driver: xetex
* paper: <default>
* layout: <same size as paper>
* layoutoffset:(h,v)=(0.0pt,0.0pt)
* modes: 
* h-part:(L,W,R)=(71.13188pt, 455.24411pt, 71.13188pt)
* v-part:(T,H,B)=(71.13188pt, 702.78308pt, 71.13188pt)
* \paperwidth=597.50787pt
* \paperheight=845.04684pt
* \textwidth=455.24411pt
* \textheight=702.78308pt
* \oddsidemargin=-1.1381pt
* \evensidemargin=-1.1381pt
* \topmargin=-38.1381pt
* \headheight=12.0pt
* \headsep=25.0pt
* \topskip=12.0pt
* \footskip=30.0pt
* \marginparwidth=35.0pt
* \marginparsep=10.0pt
* \columnsep=10.0pt
* \skip\footins=10.8pt plus 4.0pt minus 2.0pt
* \hoffset=0.0pt
* \voffset=0.0pt
* \mag=1000
* \@twocolumnfalse
* \@twosidefalse
* \@mparswitchfalse
* \@reversemarginfalse
* (1in=72.27pt=25.4mm, 1cm=28.453pt)

\c@lstlisting=\count323
Package caption Info: Begin \AtBeginDocument code.
Package caption Info: End \AtBeginDocument code.
[1

]
LaTeX Font Info:    Trying to load font information for OT1+ppl on input line 56.
 (/usr/local/texlive/2020/texmf-dist/tex/latex/psnfss/ot1ppl.fd
File: ot1ppl.fd 2001/06/04 font definitions for OT1/ppl.
)
LaTeX Font Info:    Trying to load font information for OML+zplm on input line 56.
 (/usr/local/texlive/2020/texmf-dist/tex/latex/psnfss/omlzplm.fd
File: omlzplm.fd 2002/09/08 Fontinst v1.914 font definitions for OML/zplm.
)
LaTeX Font Info:    Trying to load font information for OMS+zplm on input line 56.
 (/usr/local/texlive/2020/texmf-dist/tex/latex/psnfss/omszplm.fd
File: omszplm.fd 2002/09/08 Fontinst v1.914 font definitions for OMS/zplm.
)
LaTeX Font Info:    Trying to load font information for OMX+zplm on input line 56.
 (/usr/local/texlive/2020/texmf-dist/tex/latex/psnfss/omxzplm.fd
File: omxzplm.fd 2002/09/08 Fontinst v1.914 font definitions for OMX/zplm.
)
LaTeX Font Info:    Trying to load font information for OT1+zplm on input line 56.
 (/usr/local/texlive/2020/texmf-dist/tex/latex/psnfss/ot1zplm.fd
File: ot1zplm.fd 2002/09/08 Fontinst v1.914 font definitions for OT1/zplm.
)
LaTeX Font Info:    Font shape `U/msa/m/n' will be
(Font)              scaled to size 12.50409pt on input line 56.
LaTeX Font Info:    Font shape `U/msa/m/n' will be
(Font)              scaled to size 9.37807pt on input line 56.
LaTeX Font Info:    Font shape `U/msa/m/n' will be
(Font)              scaled to size 7.29405pt on input line 56.
LaTeX Font Info:    Font shape `U/msb/m/n' will be
(Font)              scaled to size 12.50409pt on input line 56.
LaTeX Font Info:    Font shape `U/msb/m/n' will be
(Font)              scaled to size 9.37807pt on input line 56.
LaTeX Font Info:    Font shape `U/msb/m/n' will be
(Font)              scaled to size 7.29405pt on input line 56.
 [2]
File: chart/shift.png Graphic file (type bmp)
<chart/shift.png>
 [3] [4]
File: /Users/tongyuan/Documents/Study/S6_Spring_2021/Digital_Imagine_Processing/EE326_Digital_Image_Processing_LAB/Lab5_Frequency_Domain_Filtering/Q5_1_spectrum_noshift.png Graphic file (type bmp)
</Users/tongyuan/Documents/Study/S6_Spring_2021/Digital_Imagine_Processing/EE326_Digital_Image_Processing_LAB/Lab5_Frequency_Domain_Filtering/Q5_1_spectrum_noshift.png>
File: /Users/tongyuan/Documents/Study/S6_Spring_2021/Digital_Imagine_Processing/EE326_Digital_Image_Processing_LAB/Lab5_Frequency_Domain_Filtering/Q5_1_spectrum.png Graphic file (type bmp)
</Users/tongyuan/Documents/Study/S6_Spring_2021/Digital_Imagine_Processing/EE326_Digital_Image_Processing_LAB/Lab5_Frequency_Domain_Filtering/Q5_1_spectrum.png>
File: chart/padding.png Graphic file (type bmp)
<chart/padding.png>
 [5]
File: plots/Q5_1.png Graphic file (type bmp)
<plots/Q5_1.png>
File: /Users/tongyuan/Documents/Study/S6_Spring_2021/Digital_Imagine_Processing/EE326_Digital_Image_Processing_LAB/Lab5_Frequency_Domain_Filtering/Q5_1_spatial.png Graphic file (type bmp)
</Users/tongyuan/Documents/Study/S6_Spring_2021/Digital_Imagine_Processing/EE326_Digital_Image_Processing_LAB/Lab5_Frequency_Domain_Filtering/Q5_1_spatial.png>
File: /Users/tongyuan/Documents/Study/S6_Spring_2021/Digital_Imagine_Processing/EE326_Digital_Image_Processing_LAB/Lab5_Frequency_Domain_Filtering/Q5_1_spectrum.png Graphic file (type bmp)
</Users/tongyuan/Documents/Study/S6_Spring_2021/Digital_Imagine_Processing/EE326_Digital_Image_Processing_LAB/Lab5_Frequency_Domain_Filtering/Q5_1_spectrum.png>
File: /Users/tongyuan/Documents/Study/S6_Spring_2021/Digital_Imagine_Processing/EE326_Digital_Image_Processing_LAB/Lab5_Frequency_Domain_Filtering/Q5_1_filter.png Graphic file (type bmp)
</Users/tongyuan/Documents/Study/S6_Spring_2021/Digital_Imagine_Processing/EE326_Digital_Image_Processing_LAB/Lab5_Frequency_Domain_Filtering/Q5_1_filter.png>
File: /Users/tongyuan/Documents/Study/S6_Spring_2021/Digital_Imagine_Processing/EE326_Digital_Image_Processing_LAB/Lab5_Frequency_Domain_Filtering/Q5_1_frequency.png Graphic file (type bmp)
</Users/tongyuan/Documents/Study/S6_Spring_2021/Digital_Imagine_Processing/EE326_Digital_Image_Processing_LAB/Lab5_Frequency_Domain_Filtering/Q5_1_frequency.png>
 [6] [7]
File: plots/Q5_2.png Graphic file (type bmp)
<plots/Q5_2.png>
File: chart/Gaussian.png Graphic file (type bmp)
<chart/Gaussian.png>
File: /Users/tongyuan/Documents/Study/S6_Spring_2021/Digital_Imagine_Processing/EE326_Digital_Image_Processing_LAB/Lab5_Frequency_Domain_Filtering/Q5_2_lowpass_filter_30.png Graphic file (type bmp)
</Users/tongyuan/Documents/Study/S6_Spring_2021/Digital_Imagine_Processing/EE326_Digital_Image_Processing_LAB/Lab5_Frequency_Domain_Filtering/Q5_2_lowpass_filter_30.png>
LaTeX Font Info:    Font shape `U/msa/m/n' will be
(Font)              scaled to size 11.40997pt on input line 243.
LaTeX Font Info:    Font shape `U/msa/m/n' will be
(Font)              scaled to size 8.33606pt on input line 243.
LaTeX Font Info:    Font shape `U/msa/m/n' will be
(Font)              scaled to size 6.25204pt on input line 243.
LaTeX Font Info:    Font shape `U/msb/m/n' will be
(Font)              scaled to size 11.40997pt on input line 243.
LaTeX Font Info:    Font shape `U/msb/m/n' will be
(Font)              scaled to size 8.33606pt on input line 243.
LaTeX Font Info:    Font shape `U/msb/m/n' will be
(Font)              scaled to size 6.25204pt on input line 243.
File: /Users/tongyuan/Documents/Study/S6_Spring_2021/Digital_Imagine_Processing/EE326_Digital_Image_Processing_LAB/Lab5_Frequency_Domain_Filtering/Q5_2_lowpass_filter_60.png Graphic file (type bmp)
</Users/tongyuan/Documents/Study/S6_Spring_2021/Digital_Imagine_Processing/EE326_Digital_Image_Processing_LAB/Lab5_Frequency_Domain_Filtering/Q5_2_lowpass_filter_60.png>
File: /Users/tongyuan/Documents/Study/S6_Spring_2021/Digital_Imagine_Processing/EE326_Digital_Image_Processing_LAB/Lab5_Frequency_Domain_Filtering/Q5_2_lowpass_filter_160.png Graphic file (type bmp)
</Users/tongyuan/Documents/Study/S6_Spring_2021/Digital_Imagine_Processing/EE326_Digital_Image_Processing_LAB/Lab5_Frequency_Domain_Filtering/Q5_2_lowpass_filter_160.png>
File: /Users/tongyuan/Documents/Study/S6_Spring_2021/Digital_Imagine_Processing/EE326_Digital_Image_Processing_LAB/Lab5_Frequency_Domain_Filtering/Q5_2_lowpass_30.png Graphic file (type bmp)
</Users/tongyuan/Documents/Study/S6_Spring_2021/Digital_Imagine_Processing/EE326_Digital_Image_Processing_LAB/Lab5_Frequency_Domain_Filtering/Q5_2_lowpass_30.png>
File: /Users/tongyuan/Documents/Study/S6_Spring_2021/Digital_Imagine_Processing/EE326_Digital_Image_Processing_LAB/Lab5_Frequency_Domain_Filtering/Q5_2_lowpass_60.png Graphic file (type bmp)
</Users/tongyuan/Documents/Study/S6_Spring_2021/Digital_Imagine_Processing/EE326_Digital_Image_Processing_LAB/Lab5_Frequency_Domain_Filtering/Q5_2_lowpass_60.png>
File: /Users/tongyuan/Documents/Study/S6_Spring_2021/Digital_Imagine_Processing/EE326_Digital_Image_Processing_LAB/Lab5_Frequency_Domain_Filtering/Q5_2_lowpass_160.png Graphic file (type bmp)
</Users/tongyuan/Documents/Study/S6_Spring_2021/Digital_Imagine_Processing/EE326_Digital_Image_Processing_LAB/Lab5_Frequency_Domain_Filtering/Q5_2_lowpass_160.png>
 [8]
File: /Users/tongyuan/Documents/Study/S6_Spring_2021/Digital_Imagine_Processing/EE326_Digital_Image_Processing_LAB/Lab5_Frequency_Domain_Filtering/Q5_2_highpass_filter_30.png Graphic file (type bmp)
</Users/tongyuan/Documents/Study/S6_Spring_2021/Digital_Imagine_Processing/EE326_Digital_Image_Processing_LAB/Lab5_Frequency_Domain_Filtering/Q5_2_highpass_filter_30.png>
File: /Users/tongyuan/Documents/Study/S6_Spring_2021/Digital_Imagine_Processing/EE326_Digital_Image_Processing_LAB/Lab5_Frequency_Domain_Filtering/Q5_2_highpass_filter_60.png Graphic file (type bmp)
</Users/tongyuan/Documents/Study/S6_Spring_2021/Digital_Imagine_Processing/EE326_Digital_Image_Processing_LAB/Lab5_Frequency_Domain_Filtering/Q5_2_highpass_filter_60.png>
File: /Users/tongyuan/Documents/Study/S6_Spring_2021/Digital_Imagine_Processing/EE326_Digital_Image_Processing_LAB/Lab5_Frequency_Domain_Filtering/Q5_2_highpass_filter_160.png Graphic file (type bmp)
</Users/tongyuan/Documents/Study/S6_Spring_2021/Digital_Imagine_Processing/EE326_Digital_Image_Processing_LAB/Lab5_Frequency_Domain_Filtering/Q5_2_highpass_filter_160.png>
File: /Users/tongyuan/Documents/Study/S6_Spring_2021/Digital_Imagine_Processing/EE326_Digital_Image_Processing_LAB/Lab5_Frequency_Domain_Filtering/Q5_2_highpass_30.png Graphic file (type bmp)
</Users/tongyuan/Documents/Study/S6_Spring_2021/Digital_Imagine_Processing/EE326_Digital_Image_Processing_LAB/Lab5_Frequency_Domain_Filtering/Q5_2_highpass_30.png>
File: /Users/tongyuan/Documents/Study/S6_Spring_2021/Digital_Imagine_Processing/EE326_Digital_Image_Processing_LAB/Lab5_Frequency_Domain_Filtering/Q5_2_highpass_60.png Graphic file (type bmp)
</Users/tongyuan/Documents/Study/S6_Spring_2021/Digital_Imagine_Processing/EE326_Digital_Image_Processing_LAB/Lab5_Frequency_Domain_Filtering/Q5_2_highpass_60.png>
File: /Users/tongyuan/Documents/Study/S6_Spring_2021/Digital_Imagine_Processing/EE326_Digital_Image_Processing_LAB/Lab5_Frequency_Domain_Filtering/Q5_2_highpass_160.png Graphic file (type bmp)
</Users/tongyuan/Documents/Study/S6_Spring_2021/Digital_Imagine_Processing/EE326_Digital_Image_Processing_LAB/Lab5_Frequency_Domain_Filtering/Q5_2_highpass_160.png>
 [9] [10]
File: plots/Q5_3.png Graphic file (type bmp)
<plots/Q5_3.png>
File: chart/Butterworth.png Graphic file (type bmp)
<chart/Butterworth.png>
 [11]
File: /Users/tongyuan/Documents/Study/S6_Spring_2021/Digital_Imagine_Processing/EE326_Digital_Image_Processing_LAB/Lab5_Frequency_Domain_Filtering/Q5_2_spectrum.png Graphic file (type bmp)
</Users/tongyuan/Documents/Study/S6_Spring_2021/Digital_Imagine_Processing/EE326_Digital_Image_Processing_LAB/Lab5_Frequency_Domain_Filtering/Q5_2_spectrum.png>
File: /Users/tongyuan/Documents/Study/S6_Spring_2021/Digital_Imagine_Processing/EE326_Digital_Image_Processing_LAB/Lab5_Frequency_Domain_Filtering/Q5_3_filter_1_30.png Graphic file (type bmp)
</Users/tongyuan/Documents/Study/S6_Spring_2021/Digital_Imagine_Processing/EE326_Digital_Image_Processing_LAB/Lab5_Frequency_Domain_Filtering/Q5_3_filter_1_30.png>
File: /Users/tongyuan/Documents/Study/S6_Spring_2021/Digital_Imagine_Processing/EE326_Digital_Image_Processing_LAB/Lab5_Frequency_Domain_Filtering/Q5_3_spectrum_filtered_1_30.png Graphic file (type bmp)
</Users/tongyuan/Documents/Study/S6_Spring_2021/Digital_Imagine_Processing/EE326_Digital_Image_Processing_LAB/Lab5_Frequency_Domain_Filtering/Q5_3_spectrum_filtered_1_30.png>
File: /Users/tongyuan/Documents/Study/S6_Spring_2021/Digital_Imagine_Processing/EE326_Digital_Image_Processing_LAB/Lab5_Frequency_Domain_Filtering/Q5_3_1_10.png Graphic file (type bmp)
</Users/tongyuan/Documents/Study/S6_Spring_2021/Digital_Imagine_Processing/EE326_Digital_Image_Processing_LAB/Lab5_Frequency_Domain_Filtering/Q5_3_1_10.png>
File: /Users/tongyuan/Documents/Study/S6_Spring_2021/Digital_Imagine_Processing/EE326_Digital_Image_Processing_LAB/Lab5_Frequency_Domain_Filtering/Q5_3_1_30.png Graphic file (type bmp)
</Users/tongyuan/Documents/Study/S6_Spring_2021/Digital_Imagine_Processing/EE326_Digital_Image_Processing_LAB/Lab5_Frequency_Domain_Filtering/Q5_3_1_30.png>
File: /Users/tongyuan/Documents/Study/S6_Spring_2021/Digital_Imagine_Processing/EE326_Digital_Image_Processing_LAB/Lab5_Frequency_Domain_Filtering/Q5_3_1_60.png Graphic file (type bmp)
</Users/tongyuan/Documents/Study/S6_Spring_2021/Digital_Imagine_Processing/EE326_Digital_Image_Processing_LAB/Lab5_Frequency_Domain_Filtering/Q5_3_1_60.png>
File: /Users/tongyuan/Documents/Study/S6_Spring_2021/Digital_Imagine_Processing/EE326_Digital_Image_Processing_LAB/Lab5_Frequency_Domain_Filtering/Q5_3_1_120.png Graphic file (type bmp)
</Users/tongyuan/Documents/Study/S6_Spring_2021/Digital_Imagine_Processing/EE326_Digital_Image_Processing_LAB/Lab5_Frequency_Domain_Filtering/Q5_3_1_120.png>
File: /Users/tongyuan/Documents/Study/S6_Spring_2021/Digital_Imagine_Processing/EE326_Digital_Image_Processing_LAB/Lab5_Frequency_Domain_Filtering/Q5_3_2_10.png Graphic file (type bmp)
</Users/tongyuan/Documents/Study/S6_Spring_2021/Digital_Imagine_Processing/EE326_Digital_Image_Processing_LAB/Lab5_Frequency_Domain_Filtering/Q5_3_2_10.png>
File: /Users/tongyuan/Documents/Study/S6_Spring_2021/Digital_Imagine_Processing/EE326_Digital_Image_Processing_LAB/Lab5_Frequency_Domain_Filtering/Q5_3_2_30.png Graphic file (type bmp)
</Users/tongyuan/Documents/Study/S6_Spring_2021/Digital_Imagine_Processing/EE326_Digital_Image_Processing_LAB/Lab5_Frequency_Domain_Filtering/Q5_3_2_30.png>
File: /Users/tongyuan/Documents/Study/S6_Spring_2021/Digital_Imagine_Processing/EE326_Digital_Image_Processing_LAB/Lab5_Frequency_Domain_Filtering/Q5_3_2_60.png Graphic file (type bmp)
</Users/tongyuan/Documents/Study/S6_Spring_2021/Digital_Imagine_Processing/EE326_Digital_Image_Processing_LAB/Lab5_Frequency_Domain_Filtering/Q5_3_2_60.png>
File: /Users/tongyuan/Documents/Study/S6_Spring_2021/Digital_Imagine_Processing/EE326_Digital_Image_Processing_LAB/Lab5_Frequency_Domain_Filtering/Q5_3_2_120.png Graphic file (type bmp)
</Users/tongyuan/Documents/Study/S6_Spring_2021/Digital_Imagine_Processing/EE326_Digital_Image_Processing_LAB/Lab5_Frequency_Domain_Filtering/Q5_3_2_120.png>
File: /Users/tongyuan/Documents/Study/S6_Spring_2021/Digital_Imagine_Processing/EE326_Digital_Image_Processing_LAB/Lab5_Frequency_Domain_Filtering/Q5_3_2_10.png Graphic file (type bmp)
</Users/tongyuan/Documents/Study/S6_Spring_2021/Digital_Imagine_Processing/EE326_Digital_Image_Processing_LAB/Lab5_Frequency_Domain_Filtering/Q5_3_2_10.png>
File: /Users/tongyuan/Documents/Study/S6_Spring_2021/Digital_Imagine_Processing/EE326_Digital_Image_Processing_LAB/Lab5_Frequency_Domain_Filtering/Q5_3_2_30.png Graphic file (type bmp)
</Users/tongyuan/Documents/Study/S6_Spring_2021/Digital_Imagine_Processing/EE326_Digital_Image_Processing_LAB/Lab5_Frequency_Domain_Filtering/Q5_3_2_30.png>
File: /Users/tongyuan/Documents/Study/S6_Spring_2021/Digital_Imagine_Processing/EE326_Digital_Image_Processing_LAB/Lab5_Frequency_Domain_Filtering/Q5_3_2_60.png Graphic file (type bmp)
</Users/tongyuan/Documents/Study/S6_Spring_2021/Digital_Imagine_Processing/EE326_Digital_Image_Processing_LAB/Lab5_Frequency_Domain_Filtering/Q5_3_2_60.png>
File: /Users/tongyuan/Documents/Study/S6_Spring_2021/Digital_Imagine_Processing/EE326_Digital_Image_Processing_LAB/Lab5_Frequency_Domain_Filtering/Q5_3_2_120.png Graphic file (type bmp)
</Users/tongyuan/Documents/Study/S6_Spring_2021/Digital_Imagine_Processing/EE326_Digital_Image_Processing_LAB/Lab5_Frequency_Domain_Filtering/Q5_3_2_120.png>
 [12] [13] [14] (/Users/tongyuan/Documents/Study/S6_Spring_2021/Digital_Imagine_Processing/EE326_Digital_Image_Processing_LAB/Lab5_Frequency_Domain_Filtering/report/_minted-frquency_domain_filtering_11810818/default-pyg-prefix.pygstyle) (/Users/tongyuan/Documents/Study/S6_Spring_2021/Digital_Imagine_Processing/EE326_Digital_Image_Processing_LAB/Lab5_Frequency_Domain_Filtering/report/_minted-frquency_domain_filtering_11810818/default.pygstyle) (/Users/tongyuan/Documents/Study/S6_Spring_2021/Digital_Imagine_Processing/EE326_Digital_Image_Processing_LAB/Lab5_Frequency_Domain_Filtering/report/_minted-frquency_domain_filtering_11810818/88328F6D1F98EF46FD9292CB27E2FA0B36EA7347DA55D95626224B63EAAE71BF.pygtex
LaTeX Font Info:    Trying to load font information for T1+lmtt on input line 1.
 (/usr/local/texlive/2020/texmf-dist/tex/latex/lm/t1lmtt.fd
File: t1lmtt.fd 2009/10/30 v1.6 Font defs for Latin Modern
)
LaTeX Font Info:    Trying to load font information for TS1+lmtt on input line 2.
 (/usr/local/texlive/2020/texmf-dist/tex/latex/lm/ts1lmtt.fd
File: ts1lmtt.fd 2009/10/30 v1.6 Font defs for Latin Modern
)
LaTeX Font Info:    Font shape `T1/lmtt/bx/n' in size <12> not available
(Font)              Font shape `T1/lmtt/b/n' tried instead on input line 6.
LaTeX Font Info:    Font shape `U/msa/m/n' will be
(Font)              scaled to size 10.42007pt on input line 7.
LaTeX Font Info:    Font shape `U/msa/m/n' will be
(Font)              scaled to size 7.91925pt on input line 7.
LaTeX Font Info:    Font shape `U/msb/m/n' will be
(Font)              scaled to size 10.42007pt on input line 7.
LaTeX Font Info:    Font shape `U/msb/m/n' will be
(Font)              scaled to size 7.91925pt on input line 7.
LaTeX Font Info:    Font shape `T1/lmtt/bx/n' in size <10> not available
(Font)              Font shape `T1/lmtt/b/n' tried instead on input line 14.
LaTeX Font Info:    Font shape `T1/ppl/bx/n' in size <10> not available
(Font)              Font shape `T1/ppl/b/n' tried instead on input line 14.
LaTeX Font Info:    Font shape `U/msa/m/n' will be
(Font)              scaled to size 5.21004pt on input line 31.
LaTeX Font Info:    Font shape `U/msb/m/n' will be
(Font)              scaled to size 5.21004pt on input line 31.
)
Underfull \vbox (badness 1629) detected at line 512
 []

[15]
Underfull \vbox (badness 10000) detected at line 512
 []


Underfull \vbox (badness 10000) detected at line 512
 []

[16]
Underfull \vbox (badness 10000) detected at line 512
 []


Overfull \vbox (5.21622pt too high) detected at line 512
 []

[17] (/Users/tongyuan/Documents/Study/S6_Spring_2021/Digital_Imagine_Processing/EE326_Digital_Image_Processing_LAB/Lab5_Frequency_Domain_Filtering/report/_minted-frquency_domain_filtering_11810818/64FC5A54B0A51B4EB894AE3B0BCD185CE7C49B6AC684DC0A212E6FD053689DBC.pygtex) [18] (/Users/tongyuan/Documents/Study/S6_Spring_2021/Digital_Imagine_Processing/EE326_Digital_Image_Processing_LAB/Lab5_Frequency_Domain_Filtering/report/_minted-frquency_domain_filtering_11810818/0810C17E6E9EF0AA8C793A776443B4DCA544416275D6C137E3724A9859E9FB94.pygtex) [19] (/Users/tongyuan/Documents/Study/S6_Spring_2021/Digital_Imagine_Processing/EE326_Digital_Image_Processing_LAB/Lab5_Frequency_Domain_Filtering/report/_minted-frquency_domain_filtering_11810818/3B50122CF963A04E07934B95D2D79466A4C73497A68F7C1CEE6A0440E2DA78EC.pygtex) [20]
Underfull \vbox (badness 10000) detected at line 518
 []


Underfull \vbox (badness 10000) detected at line 518
 []

[21] [22] (/Users/tongyuan/Documents/Study/S6_Spring_2021/Digital_Imagine_Processing/EE326_Digital_Image_Processing_LAB/Lab5_Frequency_Domain_Filtering/report/frquency_domain_filtering_11810818.aux)

LaTeX Warning: There were multiply-defined labels.

 ) 
Here is how much of TeX's memory you used:
 12141 strings out of 476939
 230498 string characters out of 5822581
 601987 words of memory out of 5000000
 31847 multiletter control sequences out of 15000+600000
 444973 words of font info for 117 fonts, out of 8000000 for 9000
 1348 hyphenation exceptions out of 8191
 90i,11n,91p,1140b,626s stack positions out of 5000i,500n,10000p,500000b,80000s

Output written on /Users/tongyuan/Documents/Study/S6_Spring_2021/Digital_Imagine_Processing/EE326_Digital_Image_Processing_LAB/Lab5_Frequency_Domain_Filtering/report/frquency_domain_filtering_11810818.xdv (22 pages, 89668 bytes).
